{"/workspace/2d51fa49-22fe-46ec-b2ce-7c3e9e5eddf8/frontend/src/hooks/useKpis.ts": {"path":"/workspace/2d51fa49-22fe-46ec-b2ce-7c3e9e5eddf8/frontend/src/hooks/useKpis.ts","statementMap":{"0":{"start":{"line":6,"column":15},"end":{"line":6,"column":60}},"1":{"start":{"line":7,"column":18},"end":{"line":7,"column":47}},"2":{"start":{"line":8,"column":16},"end":{"line":8,"column":57}},"3":{"start":{"line":10,"column":8},"end":{"line":21,"column":8}},"4":{"start":{"line":11,"column":4},"end":{"line":11,"column":null}},"5":{"start":{"line":12,"column":4},"end":{"line":12,"column":null}},"6":{"start":{"line":13,"column":4},"end":{"line":19,"column":null}},"7":{"start":{"line":14,"column":19},"end":{"line":14,"column":34}},"8":{"start":{"line":15,"column":6},"end":{"line":15,"column":null}},"9":{"start":{"line":17,"column":6},"end":{"line":17,"column":null}},"10":{"start":{"line":19,"column":6},"end":{"line":19,"column":null}},"11":{"start":{"line":23,"column":2},"end":{"line":25,"column":null}},"12":{"start":{"line":24,"column":4},"end":{"line":24,"column":null}},"13":{"start":{"line":27,"column":2},"end":{"line":27,"column":null}}},"fnMap":{"0":{"name":"useKpis","decl":{"start":{"line":5,"column":16},"end":{"line":5,"column":26}},"loc":{"start":{"line":5,"column":26},"end":{"line":27,"column":null}},"line":5},"1":{"name":"(anonymous_1)","decl":{"start":{"line":10,"column":32},"end":{"line":10,"column":44}},"loc":{"start":{"line":10,"column":44},"end":{"line":21,"column":7}},"line":10},"2":{"name":"(anonymous_2)","decl":{"start":{"line":23,"column":2},"end":{"line":23,"column":18}},"loc":{"start":{"line":23,"column":18},"end":{"line":25,"column":6}},"line":23}},"branchMap":{"0":{"loc":{"start":{"line":17,"column":15},"end":{"line":17,"column":74}},"type":"cond-expr","locations":[{"start":{"line":17,"column":38},"end":{"line":17,"column":52}},{"start":{"line":17,"column":52},"end":{"line":17,"column":74}}],"line":17}},"s":{"0":6,"1":6,"2":6,"3":6,"4":2,"5":2,"6":2,"7":2,"8":1,"9":1,"10":2,"11":6,"12":2,"13":6},"f":{"0":6,"1":2,"2":2},"b":{"0":[1,0]},"meta":{"lastBranch":1,"lastFunction":3,"lastStatement":14,"seen":{"f:5:16:5:26":0,"s:6:15:6:60":0,"s:7:18:7:47":1,"s:8:16:8:57":2,"s:10:8:21:8":3,"f:10:32:10:44":1,"s:11:4:11:Infinity":4,"s:12:4:12:Infinity":5,"s:13:4:19:Infinity":6,"s:14:19:14:34":7,"s:15:6:15:Infinity":8,"s:17:6:17:Infinity":9,"b:17:38:17:52:17:52:17:74":0,"s:19:6:19:Infinity":10,"s:23:2:25:Infinity":11,"f:23:2:23:18":2,"s:24:4:24:Infinity":12,"s:27:2:27:Infinity":13}}}
,"/workspace/2d51fa49-22fe-46ec-b2ce-7c3e9e5eddf8/frontend/src/hooks/useOrdenes.ts": {"path":"/workspace/2d51fa49-22fe-46ec-b2ce-7c3e9e5eddf8/frontend/src/hooks/useOrdenes.ts","statementMap":{"0":{"start":{"line":6,"column":18},"end":{"line":6,"column":53}},"1":{"start":{"line":7,"column":18},"end":{"line":7,"column":47}},"2":{"start":{"line":8,"column":16},"end":{"line":8,"column":57}},"3":{"start":{"line":10,"column":8},"end":{"line":21,"column":8}},"4":{"start":{"line":11,"column":4},"end":{"line":11,"column":null}},"5":{"start":{"line":12,"column":4},"end":{"line":12,"column":null}},"6":{"start":{"line":13,"column":4},"end":{"line":19,"column":null}},"7":{"start":{"line":14,"column":19},"end":{"line":14,"column":37}},"8":{"start":{"line":15,"column":6},"end":{"line":15,"column":null}},"9":{"start":{"line":17,"column":6},"end":{"line":17,"column":null}},"10":{"start":{"line":19,"column":6},"end":{"line":19,"column":null}},"11":{"start":{"line":23,"column":8},"end":{"line":35,"column":20}},"12":{"start":{"line":24,"column":4},"end":{"line":24,"column":null}},"13":{"start":{"line":25,"column":4},"end":{"line":25,"column":null}},"14":{"start":{"line":26,"column":4},"end":{"line":33,"column":null}},"15":{"start":{"line":27,"column":6},"end":{"line":27,"column":null}},"16":{"start":{"line":28,"column":6},"end":{"line":28,"column":null}},"17":{"start":{"line":30,"column":6},"end":{"line":30,"column":null}},"18":{"start":{"line":31,"column":6},"end":{"line":31,"column":null}},"19":{"start":{"line":33,"column":6},"end":{"line":33,"column":null}},"20":{"start":{"line":37,"column":2},"end":{"line":39,"column":null}},"21":{"start":{"line":38,"column":4},"end":{"line":38,"column":null}},"22":{"start":{"line":41,"column":2},"end":{"line":41,"column":null}}},"fnMap":{"0":{"name":"useOrdenes","decl":{"start":{"line":5,"column":16},"end":{"line":5,"column":29}},"loc":{"start":{"line":5,"column":29},"end":{"line":41,"column":null}},"line":5},"1":{"name":"(anonymous_1)","decl":{"start":{"line":10,"column":35},"end":{"line":10,"column":47}},"loc":{"start":{"line":10,"column":47},"end":{"line":21,"column":7}},"line":10},"2":{"name":"(anonymous_2)","decl":{"start":{"line":23,"column":34},"end":{"line":23,"column":41}},"loc":{"start":{"line":23,"column":69},"end":{"line":35,"column":6}},"line":23},"3":{"name":"(anonymous_3)","decl":{"start":{"line":37,"column":2},"end":{"line":37,"column":18}},"loc":{"start":{"line":37,"column":18},"end":{"line":39,"column":6}},"line":37}},"branchMap":{"0":{"loc":{"start":{"line":17,"column":15},"end":{"line":17,"column":77}},"type":"cond-expr","locations":[{"start":{"line":17,"column":38},"end":{"line":17,"column":52}},{"start":{"line":17,"column":52},"end":{"line":17,"column":77}}],"line":17},"1":{"loc":{"start":{"line":30,"column":15},"end":{"line":30,"column":75}},"type":"cond-expr","locations":[{"start":{"line":30,"column":38},"end":{"line":30,"column":52}},{"start":{"line":30,"column":52},"end":{"line":30,"column":75}}],"line":30}},"s":{"0":3,"1":3,"2":3,"3":3,"4":1,"5":1,"6":1,"7":1,"8":1,"9":0,"10":1,"11":3,"12":0,"13":0,"14":0,"15":0,"16":0,"17":0,"18":0,"19":0,"20":3,"21":1,"22":3},"f":{"0":3,"1":1,"2":0,"3":1},"b":{"0":[0,0],"1":[0,0]},"meta":{"lastBranch":2,"lastFunction":4,"lastStatement":23,"seen":{"f:5:16:5:29":0,"s:6:18:6:53":0,"s:7:18:7:47":1,"s:8:16:8:57":2,"s:10:8:21:8":3,"f:10:35:10:47":1,"s:11:4:11:Infinity":4,"s:12:4:12:Infinity":5,"s:13:4:19:Infinity":6,"s:14:19:14:37":7,"s:15:6:15:Infinity":8,"s:17:6:17:Infinity":9,"b:17:38:17:52:17:52:17:77":0,"s:19:6:19:Infinity":10,"s:23:8:35:20":11,"f:23:34:23:41":2,"s:24:4:24:Infinity":12,"s:25:4:25:Infinity":13,"s:26:4:33:Infinity":14,"s:27:6:27:Infinity":15,"s:28:6:28:Infinity":16,"s:30:6:30:Infinity":17,"b:30:38:30:52:30:52:30:75":1,"s:31:6:31:Infinity":18,"s:33:6:33:Infinity":19,"s:37:2:39:Infinity":20,"f:37:2:37:18":3,"s:38:4:38:Infinity":21,"s:41:2:41:Infinity":22}}}
}
